<?xml version="1.0" encoding="UTF-8"?>
<!-- Generated by org.testng.reporters.JUnitReportReporter -->
<testsuite skipped="0" hostname="EPINHYDW0968" name="epam.com.automationPractice.LoginUser" tests="3" failures="0" timestamp="16 Jul 2019 12:52:06 GMT" time="18.358" errors="0">
  <testcase name="launchTestAutomation" time="11.240" classname="epam.com.automationPractice.LoginUser"/>
  <testcase name="chooseSignIn" time="1.775" classname="epam.com.automationPractice.LoginUser"/>
  <testcase name="chooseLogin" time="5.343" classname="epam.com.automationPractice.LoginUser"/>
</testsuite> <!-- epam.com.automationPractice.LoginUser -->
