<?xml version="1.0" encoding="UTF-8"?>
<!-- Generated by org.testng.reporters.JUnitReportReporter -->
<testsuite skipped="0" hostname="EPINHYDW0968" name="epam.com.automationPractice.BaseTestClass" tests="1" failures="0" timestamp="19 Jul 2019 09:19:49 GMT" time="10.668" errors="0">
  <testcase name="launchTestAutomation" time="10.668" classname="epam.com.automationPractice.BaseTestClass"/>
</testsuite> <!-- epam.com.automationPractice.BaseTestClass -->
